<?xml version="1.0" encoding="UTF-8"?>
<!-- Generated by org.testng.reporters.JUnitReportReporter -->
<testsuite hostname="LAPTOP-R92NJ77V" failures="0" tests="2" name="automationStepBystep.FirstTest" time="2.242" errors="0" timestamp="2025-06-10T05:39:27 IST" skipped="0">
  <testcase classname="automationStepBystep.FirstTest" name="test2" time="0.874"/>
  <testcase classname="automationStepBystep.FirstTest" name="test1" time="1.368"/>
</testsuite> <!-- automationStepBystep.FirstTest -->
