<?xml version="1.0" encoding="UTF-8"?>
<!-- Generated by org.testng.reporters.JUnitReportReporter -->
<testsuite hostname="LAPTOP-R92NJ77V" failures="0" tests="1" name="automationStepBystep.Tutorial6_GETPOST" time="2.202" errors="0" timestamp="2025-06-10T06:50:35 IST" skipped="0">
  <testcase classname="automationStepBystep.Tutorial6_GETPOST" name="testPOST" time="2.202"/>
</testsuite> <!-- automationStepBystep.Tutorial6_GETPOST -->
