<?xml version="1.0" encoding="UTF-8"?>
<!-- Generated by org.testng.reporters.JUnitReportReporter -->
<testsuite hostname="LAPTOP-R92NJ77V" failures="0" tests="1" name="automationStepBystep.FirstTest2" time="2.092" errors="0" timestamp="2025-06-10T05:46:05 IST" skipped="0">
  <testcase classname="automationStepBystep.FirstTest2" name="test1" time="2.092"/>
</testsuite> <!-- automationStepBystep.FirstTest2 -->
